[    0.000000] Initializing cgroup subsys cpuset
[    0.000000] Initializing cgroup subsys cpu
[    0.000000] Initializing cgroup subsys cpuacct
[    0.000000] Linux version 4.4.0-166-generic (buildd@lcy01-amd64-020) (gcc version 5.4.0 20160609 (Ubuntu 5.4.0-6ubuntu1~16.04.10) ) #195-Ubuntu SMP Tue Oct 1 09:35:25 UTC 2019 (Ubuntu 4.4.0-166.195-generic 4.4.194)
[    0.000000] Command line: BOOT_IMAGE=/boot/vmlinuz-4.4.0-166-generic root=LABEL=cloudimg-rootfs ro console=tty1 console=ttyS0
[    0.000000] KERNEL supported cpus:
[    0.000000]   Intel GenuineIntel
[    0.000000]   AMD AuthenticAMD
[    0.000000]   Centaur CentaurHauls
[    0.000000] x86/fpu: xstate_offset[2]:  576, xstate_sizes[2]:  256
[    0.000000] x86/fpu: Supporting XSAVE feature 0x01: 'x87 floating point registers'
[    0.000000] x86/fpu: Supporting XSAVE feature 0x02: 'SSE registers'
[    0.000000] x86/fpu: Supporting XSAVE feature 0x04: 'AVX registers'
[    0.000000] x86/fpu: Enabled xstate features 0x7, context size is 832 bytes, using 'standard' format.
[    0.000000] e820: BIOS-provided physical RAM map:
[    0.000000] BIOS-e820: [mem 0x0000000000000000-0x000000000009fbff] usable
[    0.000000] BIOS-e820: [mem 0x000000000009fc00-0x000000000009ffff] reserved
[    0.000000] BIOS-e820: [mem 0x00000000000f0000-0x00000000000fffff] reserved
[    0.000000] BIOS-e820: [mem 0x0000000000100000-0x000000001ffeffff] usable
[    0.000000] BIOS-e820: [mem 0x000000001fff0000-0x000000001fffffff] ACPI data
[    0.000000] BIOS-e820: [mem 0x00000000fec00000-0x00000000fec00fff] reserved
[    0.000000] BIOS-e820: [mem 0x00000000fee00000-0x00000000fee00fff] reserved
[    0.000000] BIOS-e820: [mem 0x00000000fffc0000-0x00000000ffffffff] reserved
[    0.000000] NX (Execute Disable) protection: active
[    0.000000] SMBIOS 2.5 present.
[    0.000000] Hypervisor detected: KVM
[    0.000000] e820: last_pfn = 0x1fff0 max_arch_pfn = 0x400000000
[    0.000000] MTRR: Disabled
[    0.000000] x86/PAT: MTRRs disabled, skipping PAT initialization too.
[    0.000000] CPU MTRRs all blank - virtualized system.
[    0.000000] x86/PAT: Configuration [0-7]: WB  WT  UC- UC  WB  WT  UC- UC  
[    0.000000] found SMP MP-table at [mem 0x0009fff0-0x0009ffff] mapped at [ffff88000009fff0]
[    0.000000] Scanning 1 areas for low memory corruption
[    0.000000] RAMDISK: [mem 0x1e8b1000-0x1f72dfff]
[    0.000000] ACPI: Early table checksum verification disabled
[    0.000000] ACPI: RSDP 0x00000000000E0000 000024 (v02 VBOX  )
[    0.000000] ACPI: XSDT 0x000000001FFF0030 00003C (v01 VBOX   VBOXXSDT 00000001 ASL  00000061)
[    0.000000] ACPI: FACP 0x000000001FFF00F0 0000F4 (v04 VBOX   VBOXFACP 00000001 ASL  00000061)
[    0.000000] ACPI: DSDT 0x000000001FFF0470 0022EA (v02 VBOX   VBOXBIOS 00000002 INTL 20100528)
[    0.000000] ACPI: FACS 0x000000001FFF0200 000040
[    0.000000] ACPI: FACS 0x000000001FFF0200 000040
[    0.000000] ACPI: APIC 0x000000001FFF0240 000054 (v02 VBOX   VBOXAPIC 00000001 ASL  00000061)
[    0.000000] ACPI: SSDT 0x000000001FFF02A0 0001CC (v01 VBOX   VBOXCPUT 00000002 INTL 20100528)
[    0.000000] No NUMA configuration found
[    0.000000] Faking a node at [mem 0x0000000000000000-0x000000001ffeffff]
[    0.000000] NODE_DATA(0) allocated [mem 0x1ffeb000-0x1ffeffff]
[    0.000000] kvm-clock: Using msrs 4b564d01 and 4b564d00
[    0.000000] kvm-clock: cpu 0, msr 0:1ffe3001, primary cpu clock
[    0.000000] kvm-clock: using sched offset of 4501640308 cycles
[    0.000000] clocksource: kvm-clock: mask: 0xffffffffffffffff max_cycles: 0x1cd42e4dffb, max_idle_ns: 881590591483 ns
[    0.000000] Zone ranges:
[    0.000000]   DMA      [mem 0x0000000000001000-0x0000000000ffffff]
[    0.000000]   DMA32    [mem 0x0000000001000000-0x000000001ffeffff]
[    0.000000]   Normal   empty
[    0.000000]   Device   empty
[    0.000000] Movable zone start for each node
[    0.000000] Early memory node ranges
[    0.000000]   node   0: [mem 0x0000000000001000-0x000000000009efff]
[    0.000000]   node   0: [mem 0x0000000000100000-0x000000001ffeffff]
[    0.000000] Initmem setup node 0 [mem 0x0000000000001000-0x000000001ffeffff]
[    0.000000] ACPI: PM-Timer IO Port: 0x4008
[    0.000000] IOAPIC[0]: apic_id 1, version 32, address 0xfec00000, GSI 0-23
[    0.000000] ACPI: INT_SRC_OVR (bus 0 bus_irq 0 global_irq 2 dfl dfl)
[    0.000000] ACPI: INT_SRC_OVR (bus 0 bus_irq 9 global_irq 9 low level)
[    0.000000] Using ACPI (MADT) for SMP configuration information
[    0.000000] smpboot: Allowing 1 CPUs, 0 hotplug CPUs
[    0.000000] PM: Registered nosave memory: [mem 0x00000000-0x00000fff]
[    0.000000] PM: Registered nosave memory: [mem 0x0009f000-0x0009ffff]
[    0.000000] PM: Registered nosave memory: [mem 0x000a0000-0x000effff]
[    0.000000] PM: Registered nosave memory: [mem 0x000f0000-0x000fffff]
[    0.000000] e820: [mem 0x20000000-0xfebfffff] available for PCI devices
[    0.000000] Booting paravirtualized kernel on KVM
[    0.000000] clocksource: refined-jiffies: mask: 0xffffffff max_cycles: 0xffffffff, max_idle_ns: 7645519600211568 ns
[    0.000000] setup_percpu: NR_CPUS:512 nr_cpumask_bits:512 nr_cpu_ids:1 nr_node_ids:1
[    0.000000] PERCPU: Embedded 34 pages/cpu @ffff88001fc00000 s99544 r8192 d31528 u2097152
[    0.000000] Built 1 zonelists in Node order, mobility grouping on.  Total pages: 128888
[    0.000000] Policy zone: DMA32
[    0.000000] Kernel command line: BOOT_IMAGE=/boot/vmlinuz-4.4.0-166-generic root=LABEL=cloudimg-rootfs ro console=tty1 console=ttyS0
[    0.000000] PID hash table entries: 2048 (order: 2, 16384 bytes)
[    0.000000] Memory: 481768K/523832K available (8623K kernel code, 1336K rwdata, 4036K rodata, 1488K init, 1288K bss, 42064K reserved, 0K cma-reserved)
[    0.000000] SLUB: HWalign=64, Order=0-3, MinObjects=0, CPUs=1, Nodes=1
[    0.000000] Kernel/User page tables isolation: enabled
[    0.000000] Hierarchical RCU implementation.
[    0.000000] 	Build-time adjustment of leaf fanout to 64.
[    0.000000] 	RCU restricting CPUs from NR_CPUS=512 to nr_cpu_ids=1.
[    0.000000] RCU: Adjusting geometry for rcu_fanout_leaf=64, nr_cpu_ids=1
[    0.000000] NR_IRQS:33024 nr_irqs:256 16
[    0.000000] Console: colour VGA+ 80x25
[    0.000000] console [tty1] enabled
[    0.000000] console [ttyS0] enabled
[    0.000000] tsc: Detected 1511.999 MHz processor
[    0.286142] Calibrating delay loop (skipped) preset value.. 3023.99 BogoMIPS (lpj=6047996)
[    0.290014] pid_max: default: 32768 minimum: 301
[    0.292378] ACPI: Core revision 20150930
[    0.298107] ACPI: 2 ACPI AML tables successfully acquired and loaded
[    0.301273] Security Framework initialized
[    0.303242] Yama: becoming mindful.
[    0.304937] AppArmor: AppArmor initialized
[    0.306620] Dentry cache hash table entries: 65536 (order: 7, 524288 bytes)
[    0.310333] Inode-cache hash table entries: 32768 (order: 6, 262144 bytes)
[    0.314105] Mount-cache hash table entries: 1024 (order: 1, 8192 bytes)
[    0.316937] Mountpoint-cache hash table entries: 1024 (order: 1, 8192 bytes)
[    0.319629] Initializing cgroup subsys io
[    0.321256] Initializing cgroup subsys memory
[    0.322982] Initializing cgroup subsys devices
[    0.324724] Initializing cgroup subsys freezer
[    0.326428] Initializing cgroup subsys net_cls
[    0.328414] Initializing cgroup subsys perf_event
[    0.330697] Initializing cgroup subsys net_prio
[    0.333078] Initializing cgroup subsys hugetlb
[    0.335573] Initializing cgroup subsys pids
[    0.339670] mce: CPU supports 0 MCE banks
[    0.341604] process: using mwait in idle threads
[    0.343422] Last level iTLB entries: 4KB 64, 2MB 8, 4MB 8
[    0.345481] Last level dTLB entries: 4KB 64, 2MB 0, 4MB 0, 1GB 4
[    0.347680] Spectre V1 : Mitigation: usercopy/swapgs barriers and __user pointer sanitization
[    0.350867] Spectre V2 : Mitigation: Full generic retpoline
[    0.352876] Spectre V2 : Spectre v2 / SpectreRSB mitigation: Filling RSB on context switch
[    0.356800] Speculative Store Bypass: Vulnerable
[    0.359334] MDS: Mitigation: Clear CPU buffers
[    0.410456] Freeing SMP alternatives memory: 36K
[    0.423636] ftrace: allocating 32296 entries in 127 pages
[    0.570093] smpboot: APIC(0) Converting physical 0 to logical package 0
[    0.572835] smpboot: Max logical packages: 1
[    0.575632] x2apic enabled
[    0.577837] Switched APIC routing to physical x2apic.
[    0.582684] ..TIMER: vector=0x30 apic1=0 pin1=2 apic2=-1 pin2=-1
[    0.693104] smpboot: CPU0: Intel(R) Core(TM) m3-6Y30 CPU @ 0.90GHz (family: 0x6, model: 0x4e, stepping: 0x3)
[    0.698913] Performance Events: unsupported p6 CPU model 78 no PMU driver, software events only.
[    0.725660] KVM setup paravirtual spinlock
[    0.728334] x86: Booted up 1 node, 1 CPUs
[    0.730425] smpboot: Total of 1 processors activated (3023.99 BogoMIPS)
[    0.733776] devtmpfs: initialized
[    0.737984] evm: security.selinux
[    0.739541] evm: security.SMACK64
[    0.740927] evm: security.SMACK64EXEC
[    0.742733] evm: security.SMACK64TRANSMUTE
[    0.744285] evm: security.SMACK64MMAP
[    0.745834] evm: security.ima
[    0.747113] evm: security.capability
[    0.749521] clocksource: jiffies: mask: 0xffffffff max_cycles: 0xffffffff, max_idle_ns: 7645041785100000 ns
[    0.753801] futex hash table entries: 256 (order: 2, 16384 bytes)
[    0.757079] pinctrl core: initialized pinctrl subsystem
[    0.760061] RTC time: 18:56:28, date: 11/19/19
[    0.762811] NET: Registered protocol family 16
[    0.765675] cpuidle: using governor ladder
[    0.767920] cpuidle: using governor menu
[    0.770157] PCCT header not found.
[    0.772060] ACPI: bus type PCI registered
[    0.774634] acpiphp: ACPI Hot Plug PCI Controller Driver version: 0.5
[    0.778240] PCI: Using configuration type 1 for base access
[    0.786921] ACPI: Added _OSI(Module Device)
[    0.789292] ACPI: Added _OSI(Processor Device)
[    0.791907] ACPI: Added _OSI(3.0 _SCP Extensions)
[    0.794639] ACPI: Added _OSI(Processor Aggregator Device)
[    0.798027] ACPI: Executed 1 blocks of module-level executable AML code
[    0.804423] ACPI: Interpreter enabled
[    0.805931] ACPI: (supports S0 S5)
[    0.807372] ACPI: Using IOAPIC for interrupt routing
[    0.810255] PCI: Using host bridge windows from ACPI; if necessary, use "pci=nocrs" and report a bug
[    0.821966] ACPI: PCI Root Bridge [PCI0] (domain 0000 [bus 00-ff])
[    0.824283] acpi PNP0A03:00: _OSC: OS supports [ASPM ClockPM Segments MSI]
[    0.827942] acpi PNP0A03:00: _OSC: not requesting OS control; OS requires [ExtendedConfig ASPM ClockPM MSI]
[    0.832776] acpi PNP0A03:00: fail to add MMCONFIG information, can't access extended PCI configuration space under this bridge.
[    0.838858] PCI host bridge to bus 0000:00
[    0.840487] pci_bus 0000:00: root bus resource [io  0x0000-0x0cf7 window]
[    0.843255] pci_bus 0000:00: root bus resource [io  0x0d00-0xffff window]
[    0.845589] pci_bus 0000:00: root bus resource [mem 0x000a0000-0x000bffff window]
[    0.848551] pci_bus 0000:00: root bus resource [mem 0x20000000-0xfdffffff window]
[    0.852934] pci_bus 0000:00: root bus resource [bus 00-ff]
[    0.859659] pci 0000:00:01.1: legacy IDE quirk: reg 0x10: [io  0x01f0-0x01f7]
[    0.862126] pci 0000:00:01.1: legacy IDE quirk: reg 0x14: [io  0x03f6]
[    0.865240] pci 0000:00:01.1: legacy IDE quirk: reg 0x18: [io  0x0170-0x0177]
[    0.868034] pci 0000:00:01.1: legacy IDE quirk: reg 0x1c: [io  0x0376]
[    0.891036] pci 0000:00:07.0: quirk: [io  0x4000-0x403f] claimed by PIIX4 ACPI
[    0.912960] pci 0000:00:07.0: quirk: [io  0x4100-0x410f] claimed by PIIX4 SMB
[    0.923284] ACPI: PCI Interrupt Link [LNKA] (IRQs 5 9 10 *11)
[    0.926643] ACPI: PCI Interrupt Link [LNKB] (IRQs 5 9 *10 11)
[    0.929771] ACPI: PCI Interrupt Link [LNKC] (IRQs 5 *9 10 11)
[    0.933729] ACPI: PCI Interrupt Link [LNKD] (IRQs 5 9 10 *11)
[    0.937737] ACPI: Enabled 2 GPEs in block 00 to 07
[    0.940107] vgaarb: setting as boot device: PCI:0000:00:02.0
[    0.942599] vgaarb: device added: PCI:0000:00:02.0,decodes=io+mem,owns=io+mem,locks=none
[    0.945730] vgaarb: loaded
[    0.946935] vgaarb: bridge control possible 0000:00:02.0
[    0.950134] SCSI subsystem initialized
[    0.952485] ACPI: bus type USB registered
[    0.954970] usbcore: registered new interface driver usbfs
[    0.957597] usbcore: registered new interface driver hub
[    0.960110] usbcore: registered new device driver usb
[    0.962436] PCI: Using ACPI for IRQ routing
[    0.964578] NetLabel: Initializing
[    0.966030] NetLabel:  domain hash size = 128
[    0.967705] NetLabel:  protocols = UNLABELED CIPSOv4
[    0.970092] NetLabel:  unlabeled traffic allowed by default
[    0.972662] amd_nb: Cannot enumerate AMD northbridges
[    0.975520] clocksource: Switched to clocksource kvm-clock
[    0.993078] AppArmor: AppArmor Filesystem Enabled
[    0.994992] pnp: PnP ACPI init
[    0.997857] pnp: PnP ACPI: found 3 devices
[    1.005911] clocksource: acpi_pm: mask: 0xffffff max_cycles: 0xffffff, max_idle_ns: 2085701024 ns
[    1.009671] NET: Registered protocol family 2
[    1.012429] TCP established hash table entries: 4096 (order: 3, 32768 bytes)
[    1.016287] TCP bind hash table entries: 4096 (order: 4, 65536 bytes)
[    1.018796] TCP: Hash tables configured (established 4096 bind 4096)
[    1.021550] UDP hash table entries: 256 (order: 1, 8192 bytes)
[    1.023673] UDP-Lite hash table entries: 256 (order: 1, 8192 bytes)
[    1.026159] NET: Registered protocol family 1
[    1.027909] pci 0000:00:00.0: Limiting direct PCI/PCI transfers
[    1.030121] pci 0000:00:01.0: Activating ISA DMA hang workarounds
[    1.032532] Unpacking initramfs...
[    1.460952] Freeing initrd memory: 14836K
[    1.462900] clocksource: tsc: mask: 0xffffffffffffffff max_cycles: 0x15cb699f2c3, max_idle_ns: 440795242338 ns
[    1.467208] platform rtc_cmos: registered platform RTC device (no PNP device found)
[    1.471627] Scanning for low memory corruption every 60 seconds
[    1.475470] audit: initializing netlink subsys (disabled)
[    1.477642] audit: type=2000 audit(1574189794.462:1): initialized
[    1.480409] Initialise system trusted keyring
[    1.482565] HugeTLB registered 2 MB page size, pre-allocated 0 pages
[    1.486995] zbud: loaded
[    1.488795] VFS: Disk quotas dquot_6.6.0
[    1.490405] VFS: Dquot-cache hash table entries: 512 (order 0, 4096 bytes)
[    1.493462] squashfs: version 4.0 (2009/01/31) Phillip Lougher
[    1.496002] fuse init (API version 7.23)
[    1.498292] Key type big_key registered
[    1.499914] Allocating IMA MOK and blacklist keyrings.
[    1.502156] Key type asymmetric registered
[    1.503836] Asymmetric key parser 'x509' registered
[    1.505840] Block layer SCSI generic (bsg) driver version 0.4 loaded (major 249)
[    1.508960] io scheduler noop registered
[    1.510509] io scheduler deadline registered (default)
[    1.512673] io scheduler cfq registered
[    1.514761] pci_hotplug: PCI Hot Plug PCI Core version: 0.5
[    1.516828] pciehp: PCI Express Hot Plug Controller Driver version: 0.4
[    1.519427] ACPI: AC Adapter [AC] (on-line)
[    1.521324] input: Power Button as /devices/LNXSYSTM:00/LNXPWRBN:00/input/input0
[    1.524757] ACPI: Power Button [PWRF]
[    1.526479] input: Sleep Button as /devices/LNXSYSTM:00/LNXSLPBN:00/input/input1
[    1.530382] ACPI: Sleep Button [SLPF]
[    1.533495] ACPI: Battery Slot [BAT0] (battery present)
[    1.535495] GHES: HEST is not enabled!
[    1.537353] Serial: 8250/16550 driver, 32 ports, IRQ sharing enabled
[    1.561455] 00:02: ttyS0 at I/O 0x3f8 (irq = 4, base_baud = 115200) is a 16550A
[    1.566531] Linux agpgart interface v0.103
[    1.569831] loop: module loaded
[    1.576921] scsi host0: ata_piix
[    1.578533] scsi host1: ata_piix
[    1.579928] ata1: PATA max UDMA/33 cmd 0x1f0 ctl 0x3f6 bmdma 0xd000 irq 14
[    1.583155] ata2: PATA max UDMA/33 cmd 0x170 ctl 0x376 bmdma 0xd008 irq 15
[    1.587470] libphy: Fixed MDIO Bus: probed
[    1.590156] tun: Universal TUN/TAP device driver, 1.6
[    1.592728] tun: (C) 1999-2004 Max Krasnyansky <maxk@qualcomm.com>
[    1.595513] PPP generic driver version 2.4.2
[    1.598257] ehci_hcd: USB 2.0 'Enhanced' Host Controller (EHCI) Driver
[    1.601684] ehci-pci: EHCI PCI platform driver
[    1.604323] ehci-platform: EHCI generic platform driver
[    1.607539] ohci_hcd: USB 1.1 'Open' Host Controller (OHCI) Driver
[    1.610484] ohci-pci: OHCI PCI platform driver
[    1.612734] ohci-platform: OHCI generic platform driver
[    1.615288] uhci_hcd: USB Universal Host Controller Interface driver
[    1.618409] i8042: PNP: PS/2 Controller [PNP0303:PS2K,PNP0f03:PS2M] at 0x60,0x64 irq 1,12
[    1.623495] serio: i8042 KBD port at 0x60,0x64 irq 1
[    1.626018] serio: i8042 AUX port at 0x60,0x64 irq 12
[    1.628485] mousedev: PS/2 mouse device common for all mice
[    1.631455] input: AT Translated Set 2 keyboard as /devices/platform/i8042/serio0/input/input2
[    1.635810] rtc_cmos rtc_cmos: rtc core: registered rtc_cmos as rtc0
[    1.639206] rtc_cmos rtc_cmos: alarms up to one day, 114 bytes nvram
[    1.643403] i2c /dev entries driver
[    1.646869] device-mapper: uevent: version 1.0.3
[    1.651287] device-mapper: ioctl: 4.34.0-ioctl (2015-10-28) initialised: dm-devel@redhat.com
[    1.656946] ledtrig-cpu: registered to indicate activity on CPUs
[    1.660877] NET: Registered protocol family 10
[    1.664126] NET: Registered protocol family 17
[    1.666484] Key type dns_resolver registered
[    1.668952] registered taskstats version 1
[    1.671588] Loading compiled-in X.509 certificates
[    1.676337] Loaded X.509 cert 'Build time autogenerated kernel key: 75bc1b51278a37d3abb49bab6b1b0161a6cc9ec0'
[    1.682803] zswap: loaded using pool lzo/zbud
[    1.688438] Key type trusted registered
[    1.696697] Key type encrypted registered
[    1.700418] AppArmor: AppArmor sha1 policy hashing enabled
[    1.703476] ima: No TPM chip found, activating TPM-bypass!
[    1.706231] ima: Allocated hash algorithm: sha1
[    1.708712] evm: HMAC attrs: 0x1
[    1.712012]   Magic number: 11:260:949
[    1.715400] mdio_bus fixed-0: hash matches
[    1.718975] tty tty6: hash matches
[    1.721861] memory memory2: hash matches
[    1.725070] rtc_cmos rtc_cmos: setting system clock to 2019-11-19 18:56:29 UTC (1574189789)
[    1.732139] BIOS EDD facility v0.16 2004-Jun-25, 0 devices found
[    1.736131] EDD information not available.
[    1.742177] Freeing unused kernel memory: 1488K
[    1.744875] Write protecting the kernel read-only data: 14336k
[    1.748427] Freeing unused kernel memory: 1604K
[    1.751029] Freeing unused kernel memory: 60K
Loading, please wait...
starting version 229
[    1.776347] random: systemd-udevd: uninitialized urandom read (16 bytes read, 5 bits of entropy available)
[    1.780807] random: udevadm: uninitialized urandom read (16 bytes read, 5 bits of entropy available)
[    1.784418] random: udevadm: uninitialized urandom read (16 bytes read, 5 bits of entropy available)
[    1.788083] random: systemd-udevd: uninitialized urandom read (16 bytes read, 5 bits of entropy available)
[    1.791722] random: systemd-udevd: uninitialized urandom read (16 bytes read, 5 bits of entropy available)
[    1.795209] random: systemd-udevd: uninitialized urandom read (16 bytes read, 5 bits of entropy available)
[    1.817191] random: systemd-udevd: uninitialized urandom read (16 bytes read, 5 bits of entropy available)
[    1.823642] random: systemd-udevd: uninitialized urandom read (16 bytes read, 5 bits of entropy available)
[    1.827489] random: systemd-udevd: uninitialized urandom read (16 bytes read, 5 bits of entropy available)
[    1.835117] random: udevadm: uninitialized urandom read (16 bytes read, 5 bits of entropy available)
[    1.955306] e1000: Intel(R) PRO/1000 Network Driver - version 7.3.21-k8-NAPI
[    1.959362] e1000: Copyright (c) 1999-2006 Intel Corporation.
[    1.966547] Fusion MPT base driver 3.04.20
[    1.968243] Copyright (c) 1999-2008 LSI Corporation
[    2.000271] Fusion MPT SPI Host driver 3.04.20
[    2.030337] mptbase: ioc0: Initiating bringup
[    2.056516] AVX2 version of gcm_enc/dec engaged.
[    2.058891] AES CTR mode by8 optimization enabled
[    2.096561] ioc0: LSI53C1030 A0: Capabilities={Initiator}
[    2.195772] input: ImExPS/2 Generic Explorer Mouse as /devices/platform/i8042/serio1/input/input4
[    2.267698] scsi host2: ioc0: LSI53C1030 A0, FwRev=00000000h, Ports=1, MaxQ=256, IRQ=20
[    2.382296] scsi 2:0:0:0: Direct-Access     VBOX     HARDDISK         1.0  PQ: 0 ANSI: 5
[    2.386284] scsi target2:0:0: Beginning Domain Validation
[    2.391010] scsi target2:0:0: Domain Validation skipping write tests
[    2.394368] scsi target2:0:0: Ending Domain Validation
[    2.397463] scsi target2:0:0: asynchronous
[    2.400460] scsi 2:0:1:0: Direct-Access     VBOX     HARDDISK         1.0  PQ: 0 ANSI: 5
[    2.403551] scsi target2:0:1: Beginning Domain Validation
[    2.434579] scsi target2:0:1: Domain Validation skipping write tests
[    2.437707] scsi target2:0:1: Ending Domain Validation
[    2.451959] scsi target2:0:1: asynchronous
[    2.611653] sd 2:0:0:0: Attached scsi generic sg0 type 0
[    2.632340] sd 2:0:0:0: [sda] 20971520 512-byte logical blocks: (10.7 GB/10.0 GiB)
[    2.653096] sd 2:0:0:0: [sda] Write Protect is off
[    2.661252] sd 2:0:0:0: [sda] Incomplete mode parameter data
[    2.663332] sd 2:0:0:0: [sda] Assuming drive cache: write through
[    2.677978] sd 2:0:1:0: [sdb] 20480 512-byte logical blocks: (10.5 MB/10.0 MiB)
[    2.680967] sd 2:0:1:0: Attached scsi generic sg1 type 0
[    2.683260]  sda: sda1
[    2.684941] sd 2:0:1:0: [sdb] Write Protect is off
[    2.687147] sd 2:0:1:0: [sdb] Incomplete mode parameter data
[    2.690230] sd 2:0:1:0: [sdb] Assuming drive cache: write through
[    2.694004] sd 2:0:0:0: [sda] Attached SCSI disk
[    2.737030] sd 2:0:1:0: [sdb] Attached SCSI disk
[    2.932874] e1000 0000:00:03.0 eth0: (PCI:33MHz:32-bit) 02:95:cf:22:ea:76
[    2.935323] e1000 0000:00:03.0 eth0: Intel(R) PRO/1000 Network Connection
[    2.939208] e1000 0000:00:03.0 enp0s3: renamed from eth0
Begin: Loading essential drivers ... [    4.578921] md: linear personality registered for level -1
[    4.585244] md: multipath personality registered for level -4
[    4.593786] md: raid0 personality registered for level 0
[    4.603314] md: raid1 personality registered for level 1
[    4.683964] raid6: sse2x1   gen()  6139 MB/s
[    4.752339] raid6: sse2x1   xor()  4471 MB/s
[    4.819666] raid6: sse2x2   gen()  8315 MB/s
[    4.888018] raid6: sse2x2   xor()  5665 MB/s
[    4.955813] raid6: sse2x4   gen()  7746 MB/s
[    5.023592] raid6: sse2x4   xor()  4632 MB/s
[    5.091618] raid6: avx2x1   gen() 11647 MB/s
[    5.160337] raid6: avx2x2   gen()  8810 MB/s
[    5.227639] raid6: avx2x4   gen() 11466 MB/s
[    5.230424] raid6: using algorithm avx2x1 gen() 11647 MB/s
[    5.233756] raid6: using avx2x2 recovery algorithm
[    5.239206] xor: automatically using best checksumming function:
[    5.279859]    avx       : 11252.000 MB/sec
[    5.284223] async_tx: api initialized (async)
[    5.305931] md: raid6 personality registered for level 6
[    5.308339] md: raid5 personality registered for level 5
[    5.310683] md: raid4 personality registered for level 4
[    5.325390] md: raid10 personality registered for level 10
done.
Begin: Running /scripts/init-premount ... done.
Begin: Mounting root file system ... Begin: Running /scripts/local-top ... done.
Begin: Running /scripts/local-premount ... [    5.387941] Btrfs loaded
Scanning for Btrfs filesystems
done.
Warning: fsck not present, so skipping root file system
[    5.434384] EXT4-fs (sda1): INFO: recovery required on readonly filesystem
[    5.437468] EXT4-fs (sda1): write access will be enabled during recovery
[    5.462978] EXT4-fs (sda1): orphan cleanup on readonly fs
[    5.465927] EXT4-fs (sda1): 3 orphan inodes deleted
[    5.467793] EXT4-fs (sda1): recovery complete
[    5.471092] EXT4-fs (sda1): mounted filesystem with ordered data mode. Opts: (null)
done.
Begin: Running /scripts/local-bottom ... done.
Begin: Running /scripts/init-bottom ... done.
[    5.630720] systemd[1]: systemd 229 running in system mode. (+PAM +AUDIT +SELINUX +IMA +APPARMOR +SMACK +SYSVINIT +UTMP +LIBCRYPTSETUP +GCRYPT +GNUTLS +ACL +XZ -LZ4 +SECCOMP +BLKID +ELFUTILS +KMOD -IDN)
[    5.639513] systemd[1]: Detected virtualization oracle.
[    5.642230] systemd[1]: Detected architecture x86-64.

Welcome to [1mUbuntu 16.04.6 LTS[0m!

[    5.648993] systemd[1]: Set hostname to <ubuntu-xenial>.
[    5.865120] systemd[1]: Listening on udev Kernel Socket.
[[0;32m  OK  [0m] Listening on udev Kernel Socket.
[    5.870241] systemd[1]: Listening on LVM2 metadata daemon socket.
[[0;32m  OK  [0m] Listening on LVM2 metadata daemon socket.
[    5.876048] systemd[1]: Listening on udev Control Socket.
[[0;32m  OK  [0m] Listening on udev Control Socket.
[    5.881137] systemd[1]: Started Forward Password Requests to Wall Directory Watch.
[[0;32m  OK  [0m] Started Forward Password Requests to Wall Directory Watch.
[    5.886576] systemd[1]: Reached target User and Group Name Lookups.
[[0;32m  OK  [0m] Reached target User and Group Name Lookups.
[    5.891845] systemd[1]: Listening on Syslog Socket.
[[0;32m  OK  [0m] Listening on Syslog Socket.
[    5.897503] systemd[1]: Created slice User and Session Slice.
[[0;32m  OK  [0m] Created slice User and Session Slice.
[    5.901056] systemd[1]: Started Trigger resolvconf update for networkd DNS.
[[0;32m  OK  [0m] Started Trigger resolvconf update for networkd DNS.
[    5.904949] systemd[1]: Listening on /dev/initctl Compatibility Named Pipe.
[[0;32m  OK  [0m] Listening on /dev/initctl Compatibility Named Pipe.
[    5.909664] systemd[1]: Reached target Swap.
[[0;32m  OK  [0m] Reached target Swap.
[    5.912930] systemd[1]: Listening on Device-mapper event daemon FIFOs.
[[0;32m  OK  [0m] Listening on Device-mapper event daemon FIFOs.
[    5.917225] systemd[1]: Listening on Journal Audit Socket.
[[0;32m  OK  [0m] Listening on Journal Audit Socket.
[    5.921300] systemd[1]: Listening on Journal Socket.
[[0;32m  OK  [0m] Listening on Journal Socket.
[    5.925026] systemd[1]: Reached target Encrypted Volumes.
[[0;32m  OK  [0m] Reached target Encrypted Volumes.
[    5.928716] systemd[1]: Reached target System Time Synchronized.
[[0;32m  OK  [0m] Reached target System Time Synchronized.
[    5.932885] systemd[1]: Listening on Journal Socket (/dev/log).
[[0;32m  OK  [0m] Listening on Journal Socket (/dev/log).
[    5.936882] systemd[1]: Set up automount Arbitrary Executable File Formats File System Automount Point.
[[0;32m  OK  [0m] Set up automount Arbitrary Executab...ats File System Automount Point.
[    5.943035] systemd[1]: Listening on LVM2 poll daemon socket.
[[0;32m  OK  [0m] Listening on LVM2 poll daemon socket.
[    5.952515] systemd[1]: Created slice System Slice.
[[0;32m  OK  [0m] Created slice System Slice.
[    5.958466] systemd[1]: Starting Uncomplicated firewall...
         Starting Uncomplicated firewall...
[    5.963493] random: nonblocking pool is initialized
[    5.966743] systemd[1]: Created slice system-serial\x2dgetty.slice.
[[0;32m  OK  [0m] Created slice system-serial\x2dgetty.slice.
[    5.977304] systemd[1]: Starting Create list of required static device nodes for the current kernel...
         Starting Create list of required st... nodes for the current kernel...
[    5.987816] systemd[1]: Mounting Huge Pages File System...
         Mounting Huge Pages File System...
[    5.998187] systemd[1]: Starting Set console keymap...
         Starting Set console keymap...
[    6.013145] systemd[1]: Mounting POSIX Message Queue File System...
         Mounting POSIX Message Queue File System...
[    6.029290] systemd[1]: Starting Nameserver information manager...
         Starting Nameserver information manager...
[    6.048745] systemd[1]: Starting Journal Service...
         Starting Journal Service...
[    6.059610] systemd[1]: Starting Monitoring of LVM2 mirrors, snapshots etc. using dmeventd or progress polling...
         Starting Monitoring of LVM2 mirrors... dmeventd or progress polling...
[    6.079172] systemd[1]: Reached target Slices.
[[0;32m  OK  [0m] Reached target Slices.
[    6.092157] systemd[1]: Mounting Debug File System...
         Mounting Debug File System...
[    6.096989] systemd[1]: Starting Remount Root and Kernel File Systems...
         Starting Remount Root and Kernel File Systems...
[    6.117511] systemd[1]: Starting Load Kernel Modules...
         Starting Load Kernel Modules...
[    6.133329] systemd[1]: Mounted POSIX Message Queue File System.
[[0;32m  OK  [0m] Mounted POSIX Message Queue File System.
[    6.143986] systemd[1]: Mounted Huge Pages File System.
[[0;32m  OK  [0m] Mounted Huge Pages File System.[    6.147810] EXT4-fs (sda1): re-mounted. Opts: (null)

[    6.152363] systemd[1]: Mounted Debug File System.
[[0;32m  OK  [0m] Mounted Debug File System.
[    6.162093] systemd[1]: Started Uncomplicated firewall.
[[0;32m  OK  [0m] Started Uncomplicated firewall.
[    6.179017] systemd[1]: Started Create list of required static device nodes for the current kernel.
[[0;32m  OK  [0m] Started Create list of required sta...ce nodes for the current kernel.
[    6.190202] Loading iSCSI transport class v2.0-870.
[    6.195418] systemd[1]: Started Remount Root and Kernel File Systems.
[[0;32m  OK  [0m] Started Remount Root and Kernel File Systems.
[    6.225475] systemd[1]: Started Nameserver information manager.
[[0;32m  OK  [0m] Started Nameserver information manager.
[    6.332092] iscsi: registered transport (tcp)
[    6.376212] systemd[1]: Started Journal Service.
[[0;32m  OK  [0m] Started Journal Service.
[[0;32m  OK  [0m] Started LVM2 metadata daemon.
         Starting udev Coldplug all Devices...
         Starting Load/Save Random Seed...
         Starting Flush Journal to Persistent Storage...
         Starting Create Static Device Nodes in /dev...
[[0;32m  OK  [0m] Started Load/Save Random Seed.
[[0;32m  OK  [0m] Started Create Static Device Nodes in /dev.
[    6.586515] systemd-journald[394]: Received request to flush runtime journal from PID 1
[[0;32m  OK  [0m] Started Flush Journal to Persistent Storage.
         Starting udev Kernel Device Manager...
[[0;32m  OK  [0m] Started Monitoring of LVM2 mirrors,...ng dmeventd or progress polling.
[    6.684210] iscsi: registered transport (iser)
[[0;32m  OK  [0m] Started Load Kernel Modules.
         Mounting FUSE Control File System...
         Starting Apply Kernel Variables...
[[0;32m  OK  [0m] Mounted FUSE Control File System.
[[0;32m  OK  [0m] Started Apply Kernel Variables.
[[0;32m  OK  [0m] Started udev Kernel Device Manager.
[[0;32m  OK  [0m] Started udev Coldplug all Devices.
[[0;32m  OK  [0m] Started Set console keymap.
[[0;32m  OK  [0m] Reached target Local File Systems (Pre).
[[0;32m  OK  [0m] Reached target Local File Systems.
         Starting Set console font and keymap...
         Starting LSB: AppArmor initialization...
         Starting Tell Plymouth To Write Out Runtime Data...
         Starting Enable support for additional executable binary formats...
         Starting Initial cloud-init job (pre-networking)...
         Starting Create Volatile Files and Directories...
[[0;32m  OK  [0m] Started Dispatch Password Requests to Console Directory Watch.
[[0;32m  OK  [0m] Started Tell Plymouth To Write Out Runtime Data.
[[0;32m  OK  [0m] Started Create Volatile Files and Directories.
         Starting Update UTMP about System Boot/Shutdown...
         Mounting Arbitrary Executable File Formats File System...
[[0;32m  OK  [0m] Mounted Arbitrary Executable File Formats File System.
[[0;32m  OK  [0m] Started Enable support for additional executable binary formats.
[[0;32m  OK  [0m] Started Update UTMP about System Boot/Shutdown.
[[0;32m  OK  [0m] Started LSB: AppArmor initialization.
[[0;32m  OK  [0m] Found device /dev/ttyS0.
[[0;32m  OK  [0m] Listening on Load/Save RF Kill Switch Status /dev/rfkill Watch.
[[0;32m  OK  [0m] Found device 82540EM Gigabit Ethern...r (PRO/1000 MT Desktop Adapter).
[[0;32m  OK  [0m] Started Set console font and keymap.
[[0;32m  OK  [0m] Created slice system-getty.slice.
[   10.386408] cloud-init[504]: Cloud-init v. 19.2-36-g059d049c-0ubuntu2~16.04.1 running 'init-local' at Tue, 19 Nov 2019 18:56:37 +0000. Up 9.42 seconds.
[[0;32m  OK  [0m] Started Initial cloud-init job (pre-networking).
[[0;32m  OK  [0m] Reached target Network (Pre).
         Starting Raise network interfaces...
[[0;32m  OK  [0m] Started ifup for enp0s3.
[[0;32m  OK  [0m] Started Raise network interfaces.
[[0;32m  OK  [0m] Reached target Network.
         Starting Initial cloud-init job (metadata service crawler)...
[   13.654783] cloud-init[999]: Cloud-init v. 19.2-36-g059d049c-0ubuntu2~16.04.1 running 'init' at Tue, 19 Nov 2019 18:56:40 +0000. Up 11.88 seconds.
[   13.664702] cloud-init[999]: ci-info: ++++++++++++++++++++++++++++++++++++++Net device info++++++++++++++++++++++++++++++++++++++
[   13.673432] cloud-init[999]: ci-info: +--------+------+----------------------------+---------------+--------+-------------------+
[   13.685081] cloud-init[999]: ci-info: | Device |  Up  |          Address           |      Mask     | Scope  |     Hw-Address    |
[   13.689668] cloud-init[999]: ci-info: +--------+------+----------------------------+---------------+--------+-------------------+
[   13.697064] cloud-init[999]: ci-info: | enp0s3 | True |         10.0.2.15          | 255.255.255.0 | global | 02:95:cf:22:ea:76 |
[   13.713646] cloud-init[999]: ci-info: | enp0s3 | True | fe80::95:cfff:fe22:ea76/64 |       .       |  link  | 02:95:cf:22:ea:76 |
[   13.725238] cloud-init[999]: ci-info: |   lo   | True |         127.0.0.1          |   255.0.0.0   |  host  |         .         |
[   13.737200] cloud-init[999]: ci-info: |   lo   | True |          ::1/128           |       .       |  host  |         .         |
[   13.748971] cloud-init[999]: ci-info: +--------+------+----------------------------+---------------+--------+-------------------+
[   13.765197] cloud-init[999]: ci-info: +++++++++++++++++++++++++++Route IPv4 info++++++++++++++++++++++++++++
[   13.772768] cloud-init[999]: ci-info: +-------+-------------+----------+---------------+-----------+-------+
[   13.785000] cloud-init[999]: ci-info: | Route | Destination | Gateway  |    Genmask    | Interface | Flags |
[   13.797212] cloud-init[999]: ci-info: +-------+-------------+----------+---------------+-----------+-------+
[   13.805197] cloud-init[999]: ci-info: |   0   |   0.0.0.0   | 10.0.2.2 |    0.0.0.0    |   enp0s3  |   UG  |
[   13.817033] cloud-init[999]: ci-info: |   1   |   10.0.2.0  | 0.0.0.0  | 255.255.255.0 |   enp0s3  |   U   |
[   13.824537] cloud-init[999]: ci-info: +-------+-------------+----------+---------------+-----------+-------+
[   13.837631] cloud-init[999]: ci-info: +++++++++++++++++++Route IPv6 info+++++++++++++++++++
[   13.848918] cloud-init[999]: ci-info: +-------+-------------+---------+-----------+-------+
[   13.856830] cloud-init[999]: ci-info: | Route | Destination | Gateway | Interface | Flags |
[[0;32m  OK  [0m] Started Initial cloud-init job (metadata service crawler).
[[0;32m  OK  [0m] Reached target System Initialization.[   13.869289] cloud-init[999]: ci-info: +-------+-------------+---------+-----------+-------+
[[0;32m  OK  [0m] Started Daily Cleanup of Temporary Directories.
[   13.877359] cloud-init[999]: ci-info: |   0   |  fe80::/64  |    ::   |   enp0s3  |   U   |
[[0;32m  OK  [0m] Listening on ACPID Listen Socket.

[   13.884398] cloud-init[999]: ci-info: |   3   |   ff00::/8  |    ::   |   enp0s3  |   U   |
[[0;32m  OK  [0m] Started Message of the Day.
[[0;32m  OK  [0m] Listening on UUID daemon activation socket.
[   13.887860] cloud-init[999]: ci-info: +-------+-------------+---------+-----------+-------+
         Starting LXD - unix socket.
         Starting Socket activation for snappy daemon.
[[0;32m  OK  [0m] Listening on D-Bus System Message Bus Socket.
[[0;32m  OK  [0m] Started Daily apt download activities.
[[0;32m  OK  [0m] Started Daily apt upgrade and clean activities.
[[0;32m  OK  [0m] Reached target Timers.
[[0;32m  OK  [0m] Started ACPI Events Check.
[[0;32m  OK  [0m] Reached target Paths.
[[0;32m  OK  [0m] Reached target Cloud-config availability.
[[0;32m  OK  [0m] Reached target Network is Online.
         Starting iSCSI initiator daemon (iscsid)...
[[0;32m  OK  [0m] Listening on LXD - unix socket.
[[0;32m  OK  [0m] Listening on Socket activation for snappy daemon.
[[0;32m  OK  [0m] Started iSCSI initiator daemon (iscsid).
         Starting Login to default iSCSI targets...
[[0;32m  OK  [0m] Reached target Sockets.
[[0;32m  OK  [0m] Reached target Basic System.
         Starting /etc/rc.local Compatibility...
         Starting Message of the Day...
         Starting Login Service...
         Starting Snappy daemon...
         Starting OpenBSD Secure Shell server...
         Starting Virtualbox guest utils...
[[0;32m  OK  [0m] Started FUSE filesystem for LXC.
         Starting LSB: MD monitoring daemon...
[[0;32m  OK  [0m] Started D-Bus System Message Bus.
[[0;32m  OK  [0m] Started Deferred execution scheduler.
[[0;32m  OK  [0m] Started ACPI event daemon.
         Starting System Logging Service...
         Starting LSB: Record successful boot for GRUB...
         Starting Accounts Service...
[[0;32m  OK  [0m] Started Regular background program processing daemon.
         Starting LXD - container startup/shutdown...
[[0;32m  OK  [0m] Started /etc/rc.local Compatibility.
[[0;32m  OK  [0m] Started OpenBSD Secure Shell server.
[[0;32m  OK  [0m] Started Login to default iSCSI targets.
[[0;32m  OK  [0m] Started System Logging Service.
[[0;32m  OK  [0m] Started Login Service.
[[0;32m  OK  [0m] Started Unattended Upgrades Shutdown.
         Starting Authenticate and Authorize Users to Run Privileged Tasks...
[[0;32m  OK  [0m] Reached target Remote File Systems (Pre).
[[0;32m  OK  [0m] Reached target Remote File Systems.
         Starting LSB: automatic crash report generation...
         Starting Permit User Sessions...
         Starting LSB: Set the CPU Frequency Scaling governor to "ondemand"...
         Starting LSB: daemon to balance interrupts for SMP systems...
[[0;32m  OK  [0m] Started Permit User Sessions.
         Starting Hold until boot process finishes up...
         Starting Terminate Plymouth Boot Screen...
[[0;32m  OK  [0m] Started Hold until boot process finishes up.
[[0;32m  OK  [0m] Started LSB: MD monitoring daemon.
[[0;32m  OK  [0m] Started LSB: Record successful boot for GRUB.
[[0;32m  OK  [0m] Started Terminate Plymouth Boot Screen.
[[0;32m  OK  [0m] Started LXD - container startup/shutdown.
         Starting Set console scheme...
[[0;32m  OK  [0m] Started Serial Getty on ttyS0.
[[0;32m  OK  [0m] Started Getty on tty1.
[[0;32m  OK  [0m] Reached target Login Prompts.
[[0;32m  OK  [0m] Started LSB: Set the CPU Frequency Scaling governor to "ondemand".
[[0;32m  OK  [0m] Started Set console scheme.
[[0;32m  OK  [0m] Started Authenticate and Authorize Users to Run Privileged Tasks.
[[0;32m  OK  [0m] Started Accounts Service.
[[0;32m  OK  [0m] Started LSB: daemon to balance interrupts for SMP systems.
[[0;32m  OK  [0m] Started LSB: automatic crash report generation.
[[0;32m  OK  [0m] Created slice User Slice of vagrant.
         Starting User Manager for UID 1000...
[[0;32m  OK  [0m] Started Session 1 of user vagrant.
[[0;32m  OK  [0m] Started User Manager for UID 1000.
[[0;32m  OK  [0m] Started Virtualbox guest utils.
[[0;32m  OK  [0m] Started Snappy daemon.
         Starting Wait until snapd is fully seeded...
[[0;32m  OK  [0m] Started Wait until snapd is fully seeded.
         Starting Apply the settings specified in cloud-config...
[[0;32m  OK  [0m] Reached target Multi-User System.
[[0;32m  OK  [0m] Reached target Graphical Interface.
         Starting Update UTMP about System Runlevel Changes...
[[0;32m  OK  [0m] Started Update UTMP about System Runlevel Changes.
[   18.672243] cloud-init[1362]: Cloud-init v. 19.2-36-g059d049c-0ubuntu2~16.04.1 running 'modules:config' at Tue, 19 Nov 2019 18:56:46 +0000. Up 18.19 seconds.
[[0;32m  OK  [0m] Started Apply the settings specified in cloud-config.
         Starting Execute cloud user/final scripts...
[[0;32m  OK  [0m] Started Message of the Day.
[   20.548481] cloud-init[1399]: Cloud-init v. 19.2-36-g059d049c-0ubuntu2~16.04.1 running 'modules:final' at Tue, 19 Nov 2019 18:56:48 +0000. Up 20.06 seconds.
[   20.551807] cloud-init[1399]: Cloud-init v. 19.2-36-g059d049c-0ubuntu2~16.04.1 finished at Tue, 19 Nov 2019 18:56:48 +0000. Datasource DataSourceNoCloud [seed=/dev/sdb][dsmode=net].  Up 20.52 seconds

Ubuntu 16.04.6 LTS ubuntu-xenial ttyS0

ubuntu-xenial login: 